[2021-07-28T09:38:06.573] [TRACE] all-the-logs - 







[2021-07-28T09:38:06.576] [TRACE] all-the-logs - Entering OTDR testing
[2021-07-28T09:38:11.623] [WARN] all-the-logs - length of failure: 117.02
[2021-07-28T09:38:41.631] [WARN] all-the-logs - length of failure: 47.35
[2021-07-28T09:39:01.664] [INFO] all-the-logs - length of success: 225 meter
[2021-07-28T09:42:11.890] [WARN] all-the-logs - length of failure: 172.4
[2021-07-28T09:42:21.898] [INFO] all-the-logs - length of success: 225 meter
[2021-07-28T09:43:42.019] [WARN] all-the-logs - length of failure: 172.4
[2021-07-28T09:43:52.048] [INFO] all-the-logs - length of success: 225 meter
[2021-07-28T09:45:02.152] [WARN] all-the-logs - length of failure: 172.4
[2021-07-28T09:45:12.169] [INFO] all-the-logs - length of success: 225 meter
[2021-07-28T09:45:22.179] [WARN] all-the-logs - length of failure: 172.4
[2021-07-28T09:45:32.193] [INFO] all-the-logs - length of success: 225 meter
[2021-07-28T09:45:42.211] [WARN] all-the-logs - length of failure: 172.4
[2021-07-28T09:45:52.229] [INFO] all-the-logs - length of success: 225 meter
[2021-07-28T09:46:02.257] [WARN] all-the-logs - length of failure: 172.4
[2021-07-28T09:46:12.264] [INFO] all-the-logs - length of success: 225 meter
[2021-07-28T09:46:32.297] [WARN] all-the-logs - length of failure: 172.4
[2021-07-28T09:46:42.329] [INFO] all-the-logs - length of success: 225 meter
[2021-07-28T09:47:32.416] [WARN] all-the-logs - length of failure: 172.4
[2021-07-28T09:47:52.454] [INFO] all-the-logs - length of success: 225 meter
[2021-07-28T09:48:02.466] [WARN] all-the-logs - length of failure: 172.4
[2021-07-28T09:48:12.483] [INFO] all-the-logs - length of success: 225 meter
[2021-07-28T09:48:22.512] [WARN] all-the-logs - length of failure: 172.4
[2021-07-28T09:48:42.538] [INFO] all-the-logs - length of success: 225 meter
[2021-07-28T09:48:52.543] [WARN] all-the-logs - length of failure: 172.4
[2021-07-28T09:49:02.553] [INFO] all-the-logs - length of success: 225 meter
[2021-07-28T09:49:12.570] [WARN] all-the-logs - length of failure: 172.4
[2021-07-28T09:49:32.610] [INFO] all-the-logs - length of success: 225 meter
[2021-07-28T09:49:52.618] [WARN] all-the-logs - length of failure: 172.15
[2021-07-28T09:50:02.628] [INFO] all-the-logs - length of success: 225 meter
[2021-07-28T09:50:32.659] [WARN] all-the-logs - length of failure: 172.4
[2021-07-28T09:50:42.676] [INFO] all-the-logs - length of success: 225 meter
[2021-07-28T10:07:54.283] [WARN] all-the-logs - length of failure: 172.4
[2021-07-28T10:08:04.292] [INFO] all-the-logs - length of success: 225 meter
[2021-07-28T10:08:24.329] [WARN] all-the-logs - length of failure: 172.4
[2021-07-28T10:08:34.349] [INFO] all-the-logs - length of success: 225 meter
[2021-07-28T10:14:24.900] [WARN] all-the-logs - length of failure: 172.15
[2021-07-28T10:14:34.949] [INFO] all-the-logs - length of success: 225 meter
[2021-07-28T10:16:55.150] [WARN] all-the-logs - length of failure: 172.4
[2021-07-28T10:17:05.181] [INFO] all-the-logs - length of success: 225 meter
[2021-07-28T10:19:10.463] [WARN] all-the-logs - length of failure: 172.4
[2021-07-28T10:19:20.462] [INFO] all-the-logs - length of success: 225 meter
[2021-07-28T10:21:20.614] [WARN] all-the-logs - length of failure: 172.4
[2021-07-28T10:21:30.651] [INFO] all-the-logs - length of success: 225 meter
[2021-07-28T10:23:40.832] [WARN] all-the-logs - length of failure: 172.4
[2021-07-28T10:23:50.840] [INFO] all-the-logs - length of success: 225 meter
[2021-07-28T10:24:20.888] [WARN] all-the-logs - length of failure: 172.4
[2021-07-28T10:24:30.899] [INFO] all-the-logs - length of success: 225 meter
[2021-07-28T10:24:40.914] [WARN] all-the-logs - length of failure: 172.4
[2021-07-28T10:24:50.921] [INFO] all-the-logs - length of success: 225 meter
[2021-07-28T10:35:11.909] [WARN] all-the-logs - length of failure: 172.93
[2021-07-28T10:35:21.929] [INFO] all-the-logs - length of success: 225 meter
[2021-07-28T13:00:17.492] [ERROR] all-the-logs - error in request: Error: connect EHOSTUNREACH 20.135.100.41:80
[2021-07-28T13:00:22.504] [INFO] all-the-logs - length of success: 225 meter
[2021-07-28T14:39:22.390] [WARN] all-the-logs - length of failure: 47.35
[2021-07-28T14:39:32.400] [WARN] all-the-logs - length of failure: 2.43
[2021-07-28T14:39:42.409] [WARN] all-the-logs - length of failure: 160.92
[2021-07-28T14:39:52.410] [WARN] all-the-logs - length of failure: 117.02
[2021-07-28T17:02:05.559] [WARN] all-the-logs - length of failure: 47.35
[2021-07-28T17:02:35.600] [INFO] all-the-logs - length of success: 225 meter
[2021-07-28T17:13:41.668] [WARN] all-the-logs - length of failure: 172.93
[2021-07-28T17:13:51.679] [INFO] all-the-logs - length of success: 225 meter
[2021-07-28T17:16:01.905] [WARN] all-the-logs - length of failure: 172.93
[2021-07-28T17:16:11.930] [INFO] all-the-logs - length of success: 225 meter
[2021-07-28T17:25:52.806] [WARN] all-the-logs - length of failure: 172.93
[2021-07-28T17:26:02.830] [INFO] all-the-logs - length of success: 225 meter
